<?xml version="1.0" encoding="UTF-8"?>
<coverage generated="1576106884284" clover="3.2.0">
  <project timestamp="1576106884284" name="All files">
    <metrics statements="17" coveredstatements="17" conditionals="2" coveredconditionals="2" methods="10" coveredmethods="10" elements="29" coveredelements="29" complexity="0" loc="17" ncloc="17" packages="1" files="1" classes="1"/>
    <file name="recipes.js" path="/Users/Tess/alchemy/career-track/week-02/express-mongoose-relationships-lab/lib/routes/recipes.js">
      <metrics statements="17" coveredstatements="17" conditionals="2" coveredconditionals="2" methods="10" coveredmethods="10"/>
      <line num="1" count="2" type="stmt"/>
      <line num="2" count="2" type="stmt"/>
      <line num="3" count="2" type="stmt"/>
      <line num="5" count="2" type="stmt"/>
      <line num="7" count="1" type="stmt"/>
      <line num="9" count="1" type="stmt"/>
      <line num="13" count="2" type="stmt"/>
      <line num="14" count="2" type="cond" truecount="2" falsecount="0"/>
      <line num="15" count="1" type="stmt"/>
      <line num="17" count="2" type="stmt"/>
      <line num="20" count="2" type="stmt"/>
      <line num="24" count="1" type="stmt"/>
      <line num="29" count="1" type="stmt"/>
      <line num="34" count="1" type="stmt"/>
      <line num="36" count="1" type="stmt"/>
      <line num="40" count="1" type="stmt"/>
      <line num="44" count="1" type="stmt"/>
    </file>
  </project>
</coverage>
